# JRE version: OpenJDK Runtime Environment (8.0_76-b03) (build 1.8.0_76-release-b03)
# Java VM: OpenJDK 64-Bit Server VM (25.76-b03 mixed mode windows-amd64 compressed oops)
Heap:
 PSYoungGen      total 876544K, used 789109K [0x000000076ab00000, 0x00000007b1280000, 0x00000007c0000000)
  eden space 747008K, 91% used [0x000000076ab00000,0x00000007945cd3f0,0x0000000798480000)
  from space 129536K, 82% used [0x00000007a9400000,0x00000007afbd03a0,0x00000007b1280000)
  to   space 99328K, 0% used [0x0000000798480000,0x0000000798480000,0x000000079e580000)
 ParOldGen       total 251392K, used 251384K [0x00000006c0000000, 0x00000006cf580000, 0x000000076ab00000)
  object space 251392K, 99% used [0x00000006c0000000,0x00000006cf57e310,0x00000006cf580000)
 Metaspace       used 6627K, capacity 7284K, committed 7552K, reserved 1056768K
  class space    used 601K, capacity 620K, committed 640K, reserved 1048576K
GC Heap History (10 events):
Event: 8.113 GC heap before
{Heap before GC invocations=8 (full 0):
 PSYoungGen      total 430592K, used 430567K [0x000000076ab00000, 0x00000007a3000000, 0x00000007c0000000)
  eden space 385024K, 100% used [0x000000076ab00000,0x0000000782300000,0x0000000782300000)
  from space 45568K, 99% used [0x0000000782300000,0x0000000784f79c00,0x0000000784f80000)
  to   space 76288K, 0% used [0x000000079e580000,0x000000079e580000,0x00000007a3000000)
 ParOldGen       total 131072K, used 84027K [0x00000006c0000000, 0x00000006c8000000, 0x000000076ab00000)
  object space 131072K, 64% used [0x00000006c0000000,0x00000006c520ee60,0x00000006c8000000)
 Metaspace       used 6584K, capacity 7220K, committed 7296K, reserved 1056768K
  class space    used 600K, capacity 620K, committed 640K, reserved 1048576K
Event: 8.318 GC heap after
Heap after GC invocations=8 (full 0):
 PSYoungGen      total 823296K, used 76260K [0x000000076ab00000, 0x00000007a5d00000, 0x00000007c0000000)
  eden space 747008K, 0% used [0x000000076ab00000,0x000000076ab00000,0x0000000798480000)
  from space 76288K, 99% used [0x000000079e580000,0x00000007a2ff9310,0x00000007a3000000)
  to   space 99328K, 0% used [0x0000000798480000,0x0000000798480000,0x000000079e580000)
 ParOldGen       total 131072K, used 101136K [0x00000006c0000000, 0x00000006c8000000, 0x000000076ab00000)
  object space 131072K, 77% used [0x00000006c0000000,0x00000006c62c4008,0x00000006c8000000)
 Metaspace       used 6584K, capacity 7220K, committed 7296K, reserved 1056768K
  class space    used 600K, capacity 620K, committed 640K, reserved 1048576K
}
Event: 8.319 GC heap before
{Heap before GC invocations=9 (full 1):
 PSYoungGen      total 823296K, used 76260K [0x000000076ab00000, 0x00000007a5d00000, 0x00000007c0000000)
  eden space 747008K, 0% used [0x000000076ab00000,0x000000076ab00000,0x0000000798480000)
  from space 76288K, 99% used [0x000000079e580000,0x00000007a2ff9310,0x00000007a3000000)
  to   space 99328K, 0% used [0x0000000798480000,0x0000000798480000,0x000000079e580000)
 ParOldGen       total 131072K, used 101136K [0x00000006c0000000, 0x00000006c8000000, 0x000000076ab00000)
  object space 131072K, 77% used [0x00000006c0000000,0x00000006c62c4008,0x00000006c8000000)
 Metaspace       used 6584K, capacity 7220K, committed 7296K, reserved 1056768K
  class space    used 600K, capacity 620K, committed 640K, reserved 1048576K
Event: 10.456 GC heap after
Heap after GC invocations=9 (full 1):
 PSYoungGen      total 823296K, used 42278K [0x000000076ab00000, 0x00000007a5d00000, 0x00000007c0000000)
  eden space 747008K, 0% used [0x000000076ab00000,0x000000076ab00000,0x0000000798480000)
  from space 76288K, 55% used [0x000000079e580000,0x00000007a0ec9868,0x00000007a3000000)
  to   space 99328K, 0% used [0x0000000798480000,0x0000000798480000,0x000000079e580000)
 ParOldGen       total 251392K, used 131055K [0x00000006c0000000, 0x00000006cf580000, 0x000000076ab00000)
  object space 251392K, 52% used [0x00000006c0000000,0x00000006c7ffbd00,0x00000006cf580000)
 Metaspace       used 6584K, capacity 7220K, committed 7296K, reserved 1056768K
  class space    used 600K, capacity 620K, committed 640K, reserved 1048576K
}
Event: 13.354 GC heap before
{Heap before GC invocations=10 (full 1):
 PSYoungGen      total 823296K, used 789286K [0x000000076ab00000, 0x00000007a5d00000, 0x00000007c0000000)
  eden space 747008K, 100% used [0x000000076ab00000,0x0000000798480000,0x0000000798480000)
  from space 76288K, 55% used [0x000000079e580000,0x00000007a0ec9868,0x00000007a3000000)
  to   space 99328K, 0% used [0x0000000798480000,0x0000000798480000,0x000000079e580000)
 ParOldGen       total 251392K, used 131055K [0x00000006c0000000, 0x00000006cf580000, 0x000000076ab00000)
  object space 251392K, 52% used [0x00000006c0000000,0x00000006c7ffbd00,0x00000006cf580000)
 Metaspace       used 6596K, capacity 7220K, committed 7296K, reserved 1056768K
  class space    used 600K, capacity 620K, committed 640K, reserved 1048576K
Event: 13.655 GC heap after
Heap after GC invocations=10 (full 1):
 PSYoungGen      total 846336K, used 99326K [0x000000076ab00000, 0x00000007b1280000, 0x00000007c0000000)
  eden space 747008K, 0% used [0x000000076ab00000,0x000000076ab00000,0x0000000798480000)
  from space 99328K, 99% used [0x0000000798480000,0x000000079e57fac8,0x000000079e580000)
  to   space 129536K, 0% used [0x00000007a9400000,0x00000007a9400000,0x00000007b1280000)
 ParOldGen       total 251392K, used 159822K [0x00000006c0000000, 0x00000006cf580000, 0x000000076ab00000)
  object space 251392K, 63% used [0x00000006c0000000,0x00000006c9c13950,0x00000006cf580000)
 Metaspace       used 6596K, capacity 7220K, committed 7296K, reserved 1056768K
  class space    used 600K, capacity 620K, committed 640K, reserved 1048576K
}
Event: 18.078 GC heap before
{Heap before GC invocations=11 (full 1):
 PSYoungGen      total 846336K, used 846334K [0x000000076ab00000, 0x00000007b1280000, 0x00000007c0000000)
  eden space 747008K, 100% used [0x000000076ab00000,0x0000000798480000,0x0000000798480000)
  from space 99328K, 99% used [0x0000000798480000,0x000000079e57fac8,0x000000079e580000)
  to   space 129536K, 0% used [0x00000007a9400000,0x00000007a9400000,0x00000007b1280000)
 ParOldGen       total 251392K, used 159822K [0x00000006c0000000, 0x00000006cf580000, 0x000000076ab00000)
  object space 251392K, 63% used [0x00000006c0000000,0x00000006c9c13950,0x00000006cf580000)
 Metaspace       used 6614K, capacity 7284K, committed 7552K, reserved 1056768K
  class space    used 601K, capacity 620K, committed 640K, reserved 1048576K
Event: 18.444 GC heap after
Heap after GC invocations=11 (full 1):
 PSYoungGen      total 876544K, used 129532K [0x000000076ab00000, 0x00000007b1280000, 0x00000007c0000000)
  eden space 747008K, 0% used [0x000000076ab00000,0x000000076ab00000,0x0000000798480000)
  from space 129536K, 99% used [0x00000007a9400000,0x00000007b127f2f8,0x00000007b1280000)
  to   space 99328K, 0% used [0x0000000798480000,0x0000000798480000,0x000000079e580000)
 ParOldGen       total 251392K, used 239196K [0x00000006c0000000, 0x00000006cf580000, 0x000000076ab00000)
  object space 251392K, 95% used [0x00000006c0000000,0x00000006ce9972a0,0x00000006cf580000)
 Metaspace       used 6614K, capacity 7284K, committed 7552K, reserved 1056768K
  class space    used 601K, capacity 620K, committed 640K, reserved 1048576K
}
Event: 18.444 GC heap before
{Heap before GC invocations=12 (full 2):
 PSYoungGen      total 876544K, used 129532K [0x000000076ab00000, 0x00000007b1280000, 0x00000007c0000000)
  eden space 747008K, 0% used [0x000000076ab00000,0x000000076ab00000,0x0000000798480000)
  from space 129536K, 99% used [0x00000007a9400000,0x00000007b127f2f8,0x00000007b1280000)
  to   space 99328K, 0% used [0x0000000798480000,0x0000000798480000,0x000000079e580000)
 ParOldGen       total 251392K, used 239196K [0x00000006c0000000, 0x00000006cf580000, 0x000000076ab00000)
  object space 251392K, 95% used [0x00000006c0000000,0x00000006ce9972a0,0x00000006cf580000)
 Metaspace       used 6614K, capacity 7284K, committed 7552K, reserved 1056768K
  class space    used 601K, capacity 620K, committed 640K, reserved 1048576K
Event: 21.177 GC heap after
Heap after GC invocations=12 (full 2):
 PSYoungGen      total 876544K, used 106304K [0x000000076ab00000, 0x00000007b1280000, 0x00000007c0000000)
  eden space 747008K, 0% used [0x000000076ab00000,0x000000076ab00000,0x0000000798480000)
  from space 129536K, 82% used [0x00000007a9400000,0x00000007afbd03a0,0x00000007b1280000)
  to   space 99328K, 0% used [0x0000000798480000,0x0000000798480000,0x000000079e580000)
 ParOldGen       total 251392K, used 251384K [0x00000006c0000000, 0x00000006cf580000, 0x000000076ab00000)
  object space 251392K, 99% used [0x00000006c0000000,0x00000006cf57e310,0x00000006cf580000)
 Metaspace       used 6614K, capacity 7284K, committed 7552K, reserved 1056768K
  class space    used 601K, capacity 620K, committed 640K, reserved 1048576K
}

