# JRE version: OpenJDK Runtime Environment (8.0_76-b03) (build 1.8.0_76-release-b03)
# Java VM: OpenJDK 64-Bit Server VM (25.76-b03 mixed mode windows-amd64 compressed oops)
Heap:
 PSYoungGen      total 846336K, used 128010K [0x000000076ab00000, 0x00000007b2b00000, 0x00000007c0000000)
  eden space 746496K, 3% used [0x000000076ab00000,0x000000076c685be8,0x0000000798400000)
  from space 99840K, 99% used [0x0000000798400000,0x000000079e57ccf8,0x000000079e580000)
  to   space 131072K, 0% used [0x00000007aab00000,0x00000007aab00000,0x00000007b2b00000)
 ParOldGen       total 249344K, used 162426K [0x00000006c0000000, 0x00000006cf380000, 0x000000076ab00000)
  object space 249344K, 65% used [0x00000006c0000000,0x00000006c9e9e990,0x00000006cf380000)
 Metaspace       used 6610K, capacity 7284K, committed 7552K, reserved 1056768K
  class space    used 601K, capacity 620K, committed 640K, reserved 1048576K
GC Heap History (10 events):
Event: 5.084 GC heap before
{Heap before GC invocations=6 (full 0):
 PSYoungGen      total 204800K, used 204780K [0x000000076ab00000, 0x0000000787400000, 0x00000007c0000000)
  eden space 196608K, 100% used [0x000000076ab00000,0x0000000776b00000,0x0000000776b00000)
  from space 8192K, 99% used [0x0000000776b00000,0x00000007772fb018,0x0000000777300000)
  to   space 37376K, 0% used [0x0000000784f80000,0x0000000784f80000,0x0000000787400000)
 ParOldGen       total 131072K, used 42123K [0x00000006c0000000, 0x00000006c8000000, 0x000000076ab00000)
  object space 131072K, 32% used [0x00000006c0000000,0x00000006c2922dc8,0x00000006c8000000)
 Metaspace       used 6561K, capacity 7220K, committed 7296K, reserved 1056768K
  class space    used 600K, capacity 620K, committed 640K, reserved 1048576K
Event: 5.170 GC heap after
Heap after GC invocations=6 (full 0):
 PSYoungGen      total 422400K, used 35798K [0x000000076ab00000, 0x0000000788400000, 0x00000007c0000000)
  eden space 385024K, 0% used [0x000000076ab00000,0x000000076ab00000,0x0000000782300000)
  from space 37376K, 95% used [0x0000000784f80000,0x0000000787275aa0,0x0000000787400000)
  to   space 45568K, 0% used [0x0000000782300000,0x0000000782300000,0x0000000784f80000)
 ParOldGen       total 131072K, used 42123K [0x00000006c0000000, 0x00000006c8000000, 0x000000076ab00000)
  object space 131072K, 32% used [0x00000006c0000000,0x00000006c2922dc8,0x00000006c8000000)
 Metaspace       used 6561K, capacity 7220K, committed 7296K, reserved 1056768K
  class space    used 600K, capacity 620K, committed 640K, reserved 1048576K
}
Event: 7.108 GC heap before
{Heap before GC invocations=7 (full 0):
 PSYoungGen      total 422400K, used 420822K [0x000000076ab00000, 0x0000000788400000, 0x00000007c0000000)
  eden space 385024K, 100% used [0x000000076ab00000,0x0000000782300000,0x0000000782300000)
  from space 37376K, 95% used [0x0000000784f80000,0x0000000787275aa0,0x0000000787400000)
  to   space 45568K, 0% used [0x0000000782300000,0x0000000782300000,0x0000000784f80000)
 ParOldGen       total 131072K, used 42123K [0x00000006c0000000, 0x00000006c8000000, 0x000000076ab00000)
  object space 131072K, 32% used [0x00000006c0000000,0x00000006c2922dc8,0x00000006c8000000)
 Metaspace       used 6583K, capacity 7284K, committed 7552K, reserved 1056768K
  class space    used 600K, capacity 620K, committed 640K, reserved 1048576K
Event: 7.297 GC heap after
Heap after GC invocations=7 (full 0):
 PSYoungGen      total 430592K, used 45554K [0x000000076ab00000, 0x00000007a3000000, 0x00000007c0000000)
  eden space 385024K, 0% used [0x000000076ab00000,0x000000076ab00000,0x0000000782300000)
  from space 45568K, 99% used [0x0000000782300000,0x0000000784f7c908,0x0000000784f80000)
  to   space 76288K, 0% used [0x000000079e580000,0x000000079e580000,0x00000007a3000000)
 ParOldGen       total 131072K, used 83985K [0x00000006c0000000, 0x00000006c8000000, 0x000000076ab00000)
  object space 131072K, 64% used [0x00000006c0000000,0x00000006c52047d8,0x00000006c8000000)
 Metaspace       used 6583K, capacity 7284K, committed 7552K, reserved 1056768K
  class space    used 600K, capacity 620K, committed 640K, reserved 1048576K
}
Event: 9.262 GC heap before
{Heap before GC invocations=8 (full 0):
 PSYoungGen      total 430592K, used 430578K [0x000000076ab00000, 0x00000007a3000000, 0x00000007c0000000)
  eden space 385024K, 100% used [0x000000076ab00000,0x0000000782300000,0x0000000782300000)
  from space 45568K, 99% used [0x0000000782300000,0x0000000784f7c908,0x0000000784f80000)
  to   space 76288K, 0% used [0x000000079e580000,0x000000079e580000,0x00000007a3000000)
 ParOldGen       total 131072K, used 83985K [0x00000006c0000000, 0x00000006c8000000, 0x000000076ab00000)
  object space 131072K, 64% used [0x00000006c0000000,0x00000006c52047d8,0x00000006c8000000)
 Metaspace       used 6598K, capacity 7284K, committed 7552K, reserved 1056768K
  class space    used 600K, capacity 620K, committed 640K, reserved 1048576K
Event: 9.527 GC heap after
Heap after GC invocations=8 (full 0):
 PSYoungGen      total 822784K, used 76261K [0x000000076ab00000, 0x00000007a5e00000, 0x00000007c0000000)
  eden space 746496K, 0% used [0x000000076ab00000,0x000000076ab00000,0x0000000798400000)
  from space 76288K, 99% used [0x000000079e580000,0x00000007a2ff9748,0x00000007a3000000)
  to   space 99840K, 0% used [0x0000000798400000,0x0000000798400000,0x000000079e580000)
 ParOldGen       total 131072K, used 102643K [0x00000006c0000000, 0x00000006c8000000, 0x000000076ab00000)
  object space 131072K, 78% used [0x00000006c0000000,0x00000006c643cdf0,0x00000006c8000000)
 Metaspace       used 6598K, capacity 7284K, committed 7552K, reserved 1056768K
  class space    used 600K, capacity 620K, committed 640K, reserved 1048576K
}
Event: 9.528 GC heap before
{Heap before GC invocations=9 (full 1):
 PSYoungGen      total 822784K, used 76261K [0x000000076ab00000, 0x00000007a5e00000, 0x00000007c0000000)
  eden space 746496K, 0% used [0x000000076ab00000,0x000000076ab00000,0x0000000798400000)
  from space 76288K, 99% used [0x000000079e580000,0x00000007a2ff9748,0x00000007a3000000)
  to   space 99840K, 0% used [0x0000000798400000,0x0000000798400000,0x000000079e580000)
 ParOldGen       total 131072K, used 102643K [0x00000006c0000000, 0x00000006c8000000, 0x000000076ab00000)
  object space 131072K, 78% used [0x00000006c0000000,0x00000006c643cdf0,0x00000006c8000000)
 Metaspace       used 6598K, capacity 7284K, committed 7552K, reserved 1056768K
  class space    used 600K, capacity 620K, committed 640K, reserved 1048576K
Event: 11.341 GC heap after
Heap after GC invocations=9 (full 1):
 PSYoungGen      total 822784K, used 43718K [0x000000076ab00000, 0x00000007a5e00000, 0x00000007c0000000)
  eden space 746496K, 0% used [0x000000076ab00000,0x000000076ab00000,0x0000000798400000)
  from space 76288K, 57% used [0x000000079e580000,0x00000007a1031a80,0x00000007a3000000)
  to   space 99840K, 0% used [0x0000000798400000,0x0000000798400000,0x000000079e580000)
 ParOldGen       total 249344K, used 130762K [0x00000006c0000000, 0x00000006cf380000, 0x000000076ab00000)
  object space 249344K, 52% used [0x00000006c0000000,0x00000006c7fb2890,0x00000006cf380000)
 Metaspace       used 6598K, capacity 7284K, committed 7552K, reserved 1056768K
  class space    used 600K, capacity 620K, committed 640K, reserved 1048576K
}
Event: 14.536 GC heap before
{Heap before GC invocations=10 (full 1):
 PSYoungGen      total 822784K, used 790214K [0x000000076ab00000, 0x00000007a5e00000, 0x00000007c0000000)
  eden space 746496K, 100% used [0x000000076ab00000,0x0000000798400000,0x0000000798400000)
  from space 76288K, 57% used [0x000000079e580000,0x00000007a1031a80,0x00000007a3000000)
  to   space 99840K, 0% used [0x0000000798400000,0x0000000798400000,0x000000079e580000)
 ParOldGen       total 249344K, used 130762K [0x00000006c0000000, 0x00000006cf380000, 0x000000076ab00000)
  object space 249344K, 52% used [0x00000006c0000000,0x00000006c7fb2890,0x00000006cf380000)
 Metaspace       used 6609K, capacity 7284K, committed 7552K, reserved 1056768K
  class space    used 601K, capacity 620K, committed 640K, reserved 1048576K
Event: 14.943 GC heap after
Heap after GC invocations=10 (full 1):
 PSYoungGen      total 846336K, used 99827K [0x000000076ab00000, 0x00000007b2b00000, 0x00000007c0000000)
  eden space 746496K, 0% used [0x000000076ab00000,0x000000076ab00000,0x0000000798400000)
  from space 99840K, 99% used [0x0000000798400000,0x000000079e57ccf8,0x000000079e580000)
  to   space 131072K, 0% used [0x00000007aab00000,0x00000007aab00000,0x00000007b2b00000)
 ParOldGen       total 249344K, used 162426K [0x00000006c0000000, 0x00000006cf380000, 0x000000076ab00000)
  object space 249344K, 65% used [0x00000006c0000000,0x00000006c9e9e990,0x00000006cf380000)
 Metaspace       used 6609K, capacity 7284K, committed 7552K, reserved 1056768K
  class space    used 601K, capacity 620K, committed 640K, reserved 1048576K
}

