# JRE version: OpenJDK Runtime Environment (8.0_76-b03) (build 1.8.0_76-release-b03)
# Java VM: OpenJDK 64-Bit Server VM (25.76-b03 mixed mode windows-amd64 compressed oops)
Heap:
 PSYoungGen      total 1129984K, used 206968K [0x000000076ab00000, 0x00000007c0000000, 0x00000007c0000000)
  eden space 862208K, 24% used [0x000000076ab00000,0x000000077751e0a8,0x000000079f500000)
  from space 267776K, 0% used [0x000000079f500000,0x000000079f500000,0x00000007afa80000)
  to   space 264192K, 0% used [0x00000007afe00000,0x00000007afe00000,0x00000007c0000000)
 ParOldGen       total 1144320K, used 455504K [0x00000006c0000000, 0x0000000705d80000, 0x000000076ab00000)
  object space 1144320K, 39% used [0x00000006c0000000,0x00000006dbcd4218,0x0000000705d80000)
 Metaspace       used 7500K, capacity 7864K, committed 8192K, reserved 1056768K
  class space    used 655K, capacity 688K, committed 768K, reserved 1048576K
GC Heap History (10 events):
Event: 36.157 GC heap before
{Heap before GC invocations=17 (full 3):
 PSYoungGen      total 1159168K, used 1015847K [0x000000076ab00000, 0x00000007c0000000, 0x00000007c0000000)
  eden space 920576K, 100% used [0x000000076ab00000,0x00000007a2e00000,0x00000007a2e00000)
  from space 238592K, 39% used [0x00000007a2e00000,0x00000007a8b09df8,0x00000007b1700000)
  to   space 227328K, 0% used [0x00000007b2200000,0x00000007b2200000,0x00000007c0000000)
 ParOldGen       total 752128K, used 588992K [0x00000006c0000000, 0x00000006ede80000, 0x000000076ab00000)
  object space 752128K, 78% used [0x00000006c0000000,0x00000006e3f30018,0x00000006ede80000)
 Metaspace       used 6758K, capacity 7384K, committed 7680K, reserved 1056768K
  class space    used 611K, capacity 656K, committed 768K, reserved 1048576K
Event: 36.497 GC heap after
Heap after GC invocations=17 (full 3):
 PSYoungGen      total 1089536K, used 227319K [0x000000076ab00000, 0x00000007c0000000, 0x00000007c0000000)
  eden space 862208K, 0% used [0x000000076ab00000,0x000000076ab00000,0x000000079f500000)
  from space 227328K, 99% used [0x00000007b2200000,0x00000007bfffdd58,0x00000007c0000000)
  to   space 267776K, 0% used [0x000000079f500000,0x000000079f500000,0x00000007afa80000)
 ParOldGen       total 752128K, used 594862K [0x00000006c0000000, 0x00000006ede80000, 0x000000076ab00000)
  object space 752128K, 79% used [0x00000006c0000000,0x00000006e44ebbc8,0x00000006ede80000)
 Metaspace       used 6758K, capacity 7384K, committed 7680K, reserved 1056768K
  class space    used 611K, capacity 656K, committed 768K, reserved 1048576K
}
Event: 38.833 GC heap before
{Heap before GC invocations=18 (full 3):
 PSYoungGen      total 1089536K, used 1089527K [0x000000076ab00000, 0x00000007c0000000, 0x00000007c0000000)
  eden space 862208K, 100% used [0x000000076ab00000,0x000000079f500000,0x000000079f500000)
  from space 227328K, 99% used [0x00000007b2200000,0x00000007bfffdd58,0x00000007c0000000)
  to   space 267776K, 0% used [0x000000079f500000,0x000000079f500000,0x00000007afa80000)
 ParOldGen       total 752128K, used 594862K [0x00000006c0000000, 0x00000006ede80000, 0x000000076ab00000)
  object space 752128K, 79% used [0x00000006c0000000,0x00000006e44ebbc8,0x00000006ede80000)
 Metaspace       used 7034K, capacity 7576K, committed 7936K, reserved 1056768K
  class space    used 623K, capacity 656K, committed 768K, reserved 1048576K
Event: 39.290 GC heap after
Heap after GC invocations=18 (full 3):
 PSYoungGen      total 1129984K, used 136297K [0x000000076ab00000, 0x00000007c0000000, 0x00000007c0000000)
  eden space 862208K, 0% used [0x000000076ab00000,0x000000076ab00000,0x000000079f500000)
  from space 267776K, 50% used [0x000000079f500000,0x00000007a7a1a5a0,0x00000007afa80000)
  to   space 264192K, 0% used [0x00000007afe00000,0x00000007afe00000,0x00000007c0000000)
 ParOldGen       total 823296K, used 822859K [0x00000006c0000000, 0x00000006f2400000, 0x000000076ab00000)
  object space 823296K, 99% used [0x00000006c0000000,0x00000006f2392f60,0x00000006f2400000)
 Metaspace       used 7034K, capacity 7576K, committed 7936K, reserved 1056768K
  class space    used 623K, capacity 656K, committed 768K, reserved 1048576K
}
Event: 39.290 GC heap before
{Heap before GC invocations=19 (full 4):
 PSYoungGen      total 1129984K, used 136297K [0x000000076ab00000, 0x00000007c0000000, 0x00000007c0000000)
  eden space 862208K, 0% used [0x000000076ab00000,0x000000076ab00000,0x000000079f500000)
  from space 267776K, 50% used [0x000000079f500000,0x00000007a7a1a5a0,0x00000007afa80000)
  to   space 264192K, 0% used [0x00000007afe00000,0x00000007afe00000,0x00000007c0000000)
 ParOldGen       total 823296K, used 822859K [0x00000006c0000000, 0x00000006f2400000, 0x000000076ab00000)
  object space 823296K, 99% used [0x00000006c0000000,0x00000006f2392f60,0x00000006f2400000)
 Metaspace       used 7034K, capacity 7576K, committed 7936K, reserved 1056768K
  class space    used 623K, capacity 656K, committed 768K, reserved 1048576K
Event: 47.352 GC heap after
Heap after GC invocations=19 (full 4):
 PSYoungGen      total 1129984K, used 89032K [0x000000076ab00000, 0x00000007c0000000, 0x00000007c0000000)
  eden space 862208K, 0% used [0x000000076ab00000,0x000000076ab00000,0x000000079f500000)
  from space 267776K, 33% used [0x000000079f500000,0x00000007a4bf2340,0x00000007afa80000)
  to   space 264192K, 0% used [0x00000007afe00000,0x00000007afe00000,0x00000007c0000000)
 ParOldGen       total 823296K, used 823025K [0x00000006c0000000, 0x00000006f2400000, 0x000000076ab00000)
  object space 823296K, 99% used [0x00000006c0000000,0x00000006f23bc718,0x00000006f2400000)
 Metaspace       used 7034K, capacity 7576K, committed 7936K, reserved 1056768K
  class space    used 623K, capacity 656K, committed 768K, reserved 1048576K
}
Event: 50.436 GC heap before
{Heap before GC invocations=20 (full 5):
 PSYoungGen      total 1129984K, used 951240K [0x000000076ab00000, 0x00000007c0000000, 0x00000007c0000000)
  eden space 862208K, 100% used [0x000000076ab00000,0x000000079f500000,0x000000079f500000)
  from space 267776K, 33% used [0x000000079f500000,0x00000007a4bf2340,0x00000007afa80000)
  to   space 264192K, 0% used [0x00000007afe00000,0x00000007afe00000,0x00000007c0000000)
 ParOldGen       total 823296K, used 823025K [0x00000006c0000000, 0x00000006f2400000, 0x000000076ab00000)
  object space 823296K, 99% used [0x00000006c0000000,0x00000006f23bc718,0x00000006f2400000)
 Metaspace       used 7059K, capacity 7640K, committed 7936K, reserved 1056768K
  class space    used 623K, capacity 656K, committed 768K, reserved 1048576K
Event: 56.846 GC heap after
Heap after GC invocations=20 (full 5):
 PSYoungGen      total 1129984K, used 0K [0x000000076ab00000, 0x00000007c0000000, 0x00000007c0000000)
  eden space 862208K, 0% used [0x000000076ab00000,0x000000076ab00000,0x000000079f500000)
  from space 267776K, 0% used [0x000000079f500000,0x000000079f500000,0x00000007afa80000)
  to   space 264192K, 0% used [0x00000007afe00000,0x00000007afe00000,0x00000007c0000000)
 ParOldGen       total 823296K, used 733174K [0x00000006c0000000, 0x00000006f2400000, 0x000000076ab00000)
  object space 823296K, 89% used [0x00000006c0000000,0x00000006ecbfdb20,0x00000006f2400000)
 Metaspace       used 7059K, capacity 7640K, committed 7936K, reserved 1056768K
  class space    used 623K, capacity 656K, committed 768K, reserved 1048576K
}
Event: 60.039 GC heap before
{Heap before GC invocations=21 (full 6):
 PSYoungGen      total 1129984K, used 862208K [0x000000076ab00000, 0x00000007c0000000, 0x00000007c0000000)
  eden space 862208K, 100% used [0x000000076ab00000,0x000000079f500000,0x000000079f500000)
  from space 267776K, 0% used [0x000000079f500000,0x000000079f500000,0x00000007afa80000)
  to   space 264192K, 0% used [0x00000007afe00000,0x00000007afe00000,0x00000007c0000000)
 ParOldGen       total 823296K, used 733174K [0x00000006c0000000, 0x00000006f2400000, 0x000000076ab00000)
  object space 823296K, 89% used [0x00000006c0000000,0x00000006ecbfdb20,0x00000006f2400000)
 Metaspace       used 7500K, capacity 7864K, committed 8192K, reserved 1056768K
  class space    used 655K, capacity 688K, committed 768K, reserved 1048576K
Event: 63.439 GC heap after
Heap after GC invocations=21 (full 6):
 PSYoungGen      total 1129984K, used 0K [0x000000076ab00000, 0x00000007c0000000, 0x00000007c0000000)
  eden space 862208K, 0% used [0x000000076ab00000,0x000000076ab00000,0x000000079f500000)
  from space 267776K, 0% used [0x000000079f500000,0x000000079f500000,0x00000007afa80000)
  to   space 264192K, 0% used [0x00000007afe00000,0x00000007afe00000,0x00000007c0000000)
 ParOldGen       total 1144320K, used 455504K [0x00000006c0000000, 0x0000000705d80000, 0x000000076ab00000)
  object space 1144320K, 39% used [0x00000006c0000000,0x00000006dbcd4218,0x0000000705d80000)
 Metaspace       used 7500K, capacity 7864K, committed 8192K, reserved 1056768K
  class space    used 655K, capacity 688K, committed 768K, reserved 1048576K
}

