# JRE version: OpenJDK Runtime Environment (8.0_76-b03) (build 1.8.0_76-release-b03)
# Java VM: OpenJDK 64-Bit Server VM (25.76-b03 mixed mode windows-amd64 compressed oops)
Heap:
 PSYoungGen      total 821760K, used 84512K [0x000000076ab00000, 0x00000007a6000000, 0x00000007c0000000)
  eden space 743936K, 2% used [0x000000076ab00000,0x000000076bd0b6b8,0x0000000798180000)
  from space 77824K, 84% used [0x000000079e500000,0x00000007a257cbc8,0x00000007a3100000)
  to   space 101888K, 0% used [0x0000000798180000,0x0000000798180000,0x000000079e500000)
 ParOldGen       total 295424K, used 295076K [0x00000006c0000000, 0x00000006d2080000, 0x000000076ab00000)
  object space 295424K, 99% used [0x00000006c0000000,0x00000006d20293f8,0x00000006d2080000)
 Metaspace       used 6634K, capacity 7284K, committed 7552K, reserved 1056768K
  class space    used 602K, capacity 620K, committed 640K, reserved 1048576K
GC Heap History (10 events):
Event: 7.537 GC heap before
{Heap before GC invocations=8 (full 0):
 PSYoungGen      total 430080K, used 430066K [0x000000076ab00000, 0x00000007a3100000, 0x00000007c0000000)
  eden space 384000K, 100% used [0x000000076ab00000,0x0000000782200000,0x0000000782200000)
  from space 46080K, 99% used [0x0000000782200000,0x0000000784efc950,0x0000000784f00000)
  to   space 77824K, 0% used [0x000000079e500000,0x000000079e500000,0x00000007a3100000)
 ParOldGen       total 131072K, used 85153K [0x00000006c0000000, 0x00000006c8000000, 0x000000076ab00000)
  object space 131072K, 64% used [0x00000006c0000000,0x00000006c5328648,0x00000006c8000000)
 Metaspace       used 6599K, capacity 7284K, committed 7552K, reserved 1056768K
  class space    used 600K, capacity 620K, committed 640K, reserved 1048576K
Event: 7.881 GC heap after
Heap after GC invocations=8 (full 0):
 PSYoungGen      total 821760K, used 77822K [0x000000076ab00000, 0x00000007a6000000, 0x00000007c0000000)
  eden space 743936K, 0% used [0x000000076ab00000,0x000000076ab00000,0x0000000798180000)
  from space 77824K, 99% used [0x000000079e500000,0x00000007a30ff818,0x00000007a3100000)
  to   space 101888K, 0% used [0x0000000798180000,0x0000000798180000,0x000000079e500000)
 ParOldGen       total 131072K, used 104321K [0x00000006c0000000, 0x00000006c8000000, 0x000000076ab00000)
  object space 131072K, 79% used [0x00000006c0000000,0x00000006c65e06f0,0x00000006c8000000)
 Metaspace       used 6599K, capacity 7284K, committed 7552K, reserved 1056768K
  class space    used 600K, capacity 620K, committed 640K, reserved 1048576K
}
Event: 7.881 GC heap before
{Heap before GC invocations=9 (full 1):
 PSYoungGen      total 821760K, used 77822K [0x000000076ab00000, 0x00000007a6000000, 0x00000007c0000000)
  eden space 743936K, 0% used [0x000000076ab00000,0x000000076ab00000,0x0000000798180000)
  from space 77824K, 99% used [0x000000079e500000,0x00000007a30ff818,0x00000007a3100000)
  to   space 101888K, 0% used [0x0000000798180000,0x0000000798180000,0x000000079e500000)
 ParOldGen       total 131072K, used 104321K [0x00000006c0000000, 0x00000006c8000000, 0x000000076ab00000)
  object space 131072K, 79% used [0x00000006c0000000,0x00000006c65e06f0,0x00000006c8000000)
 Metaspace       used 6599K, capacity 7284K, committed 7552K, reserved 1056768K
  class space    used 600K, capacity 620K, committed 640K, reserved 1048576K
Event: 9.930 GC heap after
Heap after GC invocations=9 (full 1):
 PSYoungGen      total 821760K, used 47344K [0x000000076ab00000, 0x00000007a6000000, 0x00000007c0000000)
  eden space 743936K, 0% used [0x000000076ab00000,0x000000076ab00000,0x0000000798180000)
  from space 77824K, 60% used [0x000000079e500000,0x00000007a133c1f8,0x00000007a3100000)
  to   space 101888K, 0% used [0x0000000798180000,0x0000000798180000,0x000000079e500000)
 ParOldGen       total 249856K, used 130580K [0x00000006c0000000, 0x00000006cf400000, 0x000000076ab00000)
  object space 249856K, 52% used [0x00000006c0000000,0x00000006c7f852d0,0x00000006cf400000)
 Metaspace       used 6599K, capacity 7284K, committed 7552K, reserved 1056768K
  class space    used 600K, capacity 620K, committed 640K, reserved 1048576K
}
Event: 12.383 GC heap before
{Heap before GC invocations=10 (full 1):
 PSYoungGen      total 821760K, used 791280K [0x000000076ab00000, 0x00000007a6000000, 0x00000007c0000000)
  eden space 743936K, 100% used [0x000000076ab00000,0x0000000798180000,0x0000000798180000)
  from space 77824K, 60% used [0x000000079e500000,0x00000007a133c1f8,0x00000007a3100000)
  to   space 101888K, 0% used [0x0000000798180000,0x0000000798180000,0x000000079e500000)
 ParOldGen       total 249856K, used 130580K [0x00000006c0000000, 0x00000006cf400000, 0x000000076ab00000)
  object space 249856K, 52% used [0x00000006c0000000,0x00000006c7f852d0,0x00000006cf400000)
 Metaspace       used 6612K, capacity 7284K, committed 7552K, reserved 1056768K
  class space    used 601K, capacity 620K, committed 640K, reserved 1048576K
Event: 12.703 GC heap after
Heap after GC invocations=10 (full 1):
 PSYoungGen      total 845824K, used 101882K [0x000000076ab00000, 0x00000007a6000000, 0x00000007c0000000)
  eden space 743936K, 0% used [0x000000076ab00000,0x000000076ab00000,0x0000000798180000)
  from space 101888K, 99% used [0x0000000798180000,0x000000079e4feaa8,0x000000079e500000)
  to   space 77824K, 0% used [0x000000079e500000,0x000000079e500000,0x00000007a3100000)
 ParOldGen       total 249856K, used 163422K [0x00000006c0000000, 0x00000006cf400000, 0x000000076ab00000)
  object space 249856K, 65% used [0x00000006c0000000,0x00000006c9f97918,0x00000006cf400000)
 Metaspace       used 6612K, capacity 7284K, committed 7552K, reserved 1056768K
  class space    used 601K, capacity 620K, committed 640K, reserved 1048576K
}
Event: 16.332 GC heap before
{Heap before GC invocations=11 (full 1):
 PSYoungGen      total 845824K, used 845818K [0x000000076ab00000, 0x00000007a6000000, 0x00000007c0000000)
  eden space 743936K, 100% used [0x000000076ab00000,0x0000000798180000,0x0000000798180000)
  from space 101888K, 99% used [0x0000000798180000,0x000000079e4feaa8,0x000000079e500000)
  to   space 77824K, 0% used [0x000000079e500000,0x000000079e500000,0x00000007a3100000)
 ParOldGen       total 249856K, used 163422K [0x00000006c0000000, 0x00000006cf400000, 0x000000076ab00000)
  object space 249856K, 65% used [0x00000006c0000000,0x00000006c9f97918,0x00000006cf400000)
 Metaspace       used 6633K, capacity 7284K, committed 7552K, reserved 1056768K
  class space    used 602K, capacity 620K, committed 640K, reserved 1048576K
Event: 16.798 GC heap after
Heap after GC invocations=11 (full 1):
 PSYoungGen      total 821760K, used 77814K [0x000000076ab00000, 0x00000007a6000000, 0x00000007c0000000)
  eden space 743936K, 0% used [0x000000076ab00000,0x000000076ab00000,0x0000000798180000)
  from space 77824K, 99% used [0x000000079e500000,0x00000007a30fd8e8,0x00000007a3100000)
  to   space 101888K, 0% used [0x0000000798180000,0x0000000798180000,0x000000079e500000)
 ParOldGen       total 295424K, used 294930K [0x00000006c0000000, 0x00000006d2080000, 0x000000076ab00000)
  object space 295424K, 99% used [0x00000006c0000000,0x00000006d2004a18,0x00000006d2080000)
 Metaspace       used 6633K, capacity 7284K, committed 7552K, reserved 1056768K
  class space    used 602K, capacity 620K, committed 640K, reserved 1048576K
}
Event: 16.798 GC heap before
{Heap before GC invocations=12 (full 2):
 PSYoungGen      total 821760K, used 77814K [0x000000076ab00000, 0x00000007a6000000, 0x00000007c0000000)
  eden space 743936K, 0% used [0x000000076ab00000,0x000000076ab00000,0x0000000798180000)
  from space 77824K, 99% used [0x000000079e500000,0x00000007a30fd8e8,0x00000007a3100000)
  to   space 101888K, 0% used [0x0000000798180000,0x0000000798180000,0x000000079e500000)
 ParOldGen       total 295424K, used 294930K [0x00000006c0000000, 0x00000006d2080000, 0x000000076ab00000)
  object space 295424K, 99% used [0x00000006c0000000,0x00000006d2004a18,0x00000006d2080000)
 Metaspace       used 6633K, capacity 7284K, committed 7552K, reserved 1056768K
  class space    used 602K, capacity 620K, committed 640K, reserved 1048576K
Event: 19.322 GC heap after
Heap after GC invocations=12 (full 2):
 PSYoungGen      total 821760K, used 66034K [0x000000076ab00000, 0x00000007a6000000, 0x00000007c0000000)
  eden space 743936K, 0% used [0x000000076ab00000,0x000000076ab00000,0x0000000798180000)
  from space 77824K, 84% used [0x000000079e500000,0x00000007a257cbc8,0x00000007a3100000)
  to   space 101888K, 0% used [0x0000000798180000,0x0000000798180000,0x000000079e500000)
 ParOldGen       total 295424K, used 295076K [0x00000006c0000000, 0x00000006d2080000, 0x000000076ab00000)
  object space 295424K, 99% used [0x00000006c0000000,0x00000006d20293f8,0x00000006d2080000)
 Metaspace       used 6633K, capacity 7284K, committed 7552K, reserved 1056768K
  class space    used 602K, capacity 620K, committed 640K, reserved 1048576K
}

