# JRE version: OpenJDK Runtime Environment (8.0_76-b03) (build 1.8.0_76-release-b03)
# Java VM: OpenJDK 64-Bit Server VM (25.76-b03 mixed mode windows-amd64 compressed oops)
Heap:
 PSYoungGen      total 825344K, used 105854K [0x000000076ab00000, 0x00000007a5f00000, 0x00000007c0000000)
  eden space 747520K, 5% used [0x000000076ab00000,0x000000076d009fd0,0x0000000798500000)
  from space 77824K, 87% used [0x000000079e700000,0x00000007a2955a40,0x00000007a3300000)
  to   space 100352K, 0% used [0x0000000798500000,0x0000000798500000,0x000000079e700000)
 ParOldGen       total 514560K, used 292562K [0x00000006c0000000, 0x00000006df680000, 0x000000076ab00000)
  object space 514560K, 56% used [0x00000006c0000000,0x00000006d1db4af0,0x00000006df680000)
 Metaspace       used 6644K, capacity 7284K, committed 7552K, reserved 1056768K
  class space    used 603K, capacity 620K, committed 640K, reserved 1048576K
GC Heap History (10 events):
Event: 8.436 GC heap before
{Heap before GC invocations=8 (full 0):
 PSYoungGen      total 430592K, used 430578K [0x000000076ab00000, 0x00000007a3300000, 0x00000007c0000000)
  eden space 385024K, 100% used [0x000000076ab00000,0x0000000782300000,0x0000000782300000)
  from space 45568K, 99% used [0x0000000782300000,0x0000000784f7ca88,0x0000000784f80000)
  to   space 77824K, 0% used [0x000000079e700000,0x000000079e700000,0x00000007a3300000)
 ParOldGen       total 131072K, used 86070K [0x00000006c0000000, 0x00000006c8000000, 0x000000076ab00000)
  object space 131072K, 65% used [0x00000006c0000000,0x00000006c540d840,0x00000006c8000000)
 Metaspace       used 6603K, capacity 7284K, committed 7552K, reserved 1056768K
  class space    used 600K, capacity 620K, committed 640K, reserved 1048576K
Event: 8.676 GC heap after
Heap after GC invocations=8 (full 0):
 PSYoungGen      total 825344K, used 77821K [0x000000076ab00000, 0x00000007a5f00000, 0x00000007c0000000)
  eden space 747520K, 0% used [0x000000076ab00000,0x000000076ab00000,0x0000000798500000)
  from space 77824K, 99% used [0x000000079e700000,0x00000007a32ff770,0x00000007a3300000)
  to   space 100352K, 0% used [0x0000000798500000,0x0000000798500000,0x000000079e700000)
 ParOldGen       total 131072K, used 102025K [0x00000006c0000000, 0x00000006c8000000, 0x000000076ab00000)
  object space 131072K, 77% used [0x00000006c0000000,0x00000006c63a2458,0x00000006c8000000)
 Metaspace       used 6603K, capacity 7284K, committed 7552K, reserved 1056768K
  class space    used 600K, capacity 620K, committed 640K, reserved 1048576K
}
Event: 8.676 GC heap before
{Heap before GC invocations=9 (full 1):
 PSYoungGen      total 825344K, used 77821K [0x000000076ab00000, 0x00000007a5f00000, 0x00000007c0000000)
  eden space 747520K, 0% used [0x000000076ab00000,0x000000076ab00000,0x0000000798500000)
  from space 77824K, 99% used [0x000000079e700000,0x00000007a32ff770,0x00000007a3300000)
  to   space 100352K, 0% used [0x0000000798500000,0x0000000798500000,0x000000079e700000)
 ParOldGen       total 131072K, used 102025K [0x00000006c0000000, 0x00000006c8000000, 0x000000076ab00000)
  object space 131072K, 77% used [0x00000006c0000000,0x00000006c63a2458,0x00000006c8000000)
 Metaspace       used 6603K, capacity 7284K, committed 7552K, reserved 1056768K
  class space    used 600K, capacity 620K, committed 640K, reserved 1048576K
Event: 10.928 GC heap after
Heap after GC invocations=9 (full 1):
 PSYoungGen      total 825344K, used 44836K [0x000000076ab00000, 0x00000007a5f00000, 0x00000007c0000000)
  eden space 747520K, 0% used [0x000000076ab00000,0x000000076ab00000,0x0000000798500000)
  from space 77824K, 57% used [0x000000079e700000,0x00000007a12c91e8,0x00000007a3300000)
  to   space 100352K, 0% used [0x0000000798500000,0x0000000798500000,0x000000079e700000)
 ParOldGen       total 251392K, used 130630K [0x00000006c0000000, 0x00000006cf580000, 0x000000076ab00000)
  object space 251392K, 51% used [0x00000006c0000000,0x00000006c7f91a58,0x00000006cf580000)
 Metaspace       used 6603K, capacity 7284K, committed 7552K, reserved 1056768K
  class space    used 600K, capacity 620K, committed 640K, reserved 1048576K
}
Event: 14.476 GC heap before
{Heap before GC invocations=10 (full 1):
 PSYoungGen      total 825344K, used 792356K [0x000000076ab00000, 0x00000007a5f00000, 0x00000007c0000000)
  eden space 747520K, 100% used [0x000000076ab00000,0x0000000798500000,0x0000000798500000)
  from space 77824K, 57% used [0x000000079e700000,0x00000007a12c91e8,0x00000007a3300000)
  to   space 100352K, 0% used [0x0000000798500000,0x0000000798500000,0x000000079e700000)
 ParOldGen       total 251392K, used 130630K [0x00000006c0000000, 0x00000006cf580000, 0x000000076ab00000)
  object space 251392K, 51% used [0x00000006c0000000,0x00000006c7f91a58,0x00000006cf580000)
 Metaspace       used 6615K, capacity 7284K, committed 7552K, reserved 1056768K
  class space    used 601K, capacity 620K, committed 640K, reserved 1048576K
Event: 14.812 GC heap after
Heap after GC invocations=10 (full 1):
 PSYoungGen      total 847872K, used 100339K [0x000000076ab00000, 0x00000007a5f00000, 0x00000007c0000000)
  eden space 747520K, 0% used [0x000000076ab00000,0x000000076ab00000,0x0000000798500000)
  from space 100352K, 99% used [0x0000000798500000,0x000000079e6fcfd0,0x000000079e700000)
  to   space 77824K, 0% used [0x000000079e700000,0x000000079e700000,0x00000007a3300000)
 ParOldGen       total 251392K, used 162534K [0x00000006c0000000, 0x00000006cf580000, 0x000000076ab00000)
  object space 251392K, 64% used [0x00000006c0000000,0x00000006c9eb9b10,0x00000006cf580000)
 Metaspace       used 6615K, capacity 7284K, committed 7552K, reserved 1056768K
  class space    used 601K, capacity 620K, committed 640K, reserved 1048576K
}
Event: 20.653 GC heap before
{Heap before GC invocations=11 (full 1):
 PSYoungGen      total 847872K, used 847859K [0x000000076ab00000, 0x00000007a5f00000, 0x00000007c0000000)
  eden space 747520K, 100% used [0x000000076ab00000,0x0000000798500000,0x0000000798500000)
  from space 100352K, 99% used [0x0000000798500000,0x000000079e6fcfd0,0x000000079e700000)
  to   space 77824K, 0% used [0x000000079e700000,0x000000079e700000,0x00000007a3300000)
 ParOldGen       total 251392K, used 162534K [0x00000006c0000000, 0x00000006cf580000, 0x000000076ab00000)
  object space 251392K, 64% used [0x00000006c0000000,0x00000006c9eb9b10,0x00000006cf580000)
 Metaspace       used 6632K, capacity 7284K, committed 7552K, reserved 1056768K
  class space    used 603K, capacity 620K, committed 640K, reserved 1048576K
Event: 20.955 GC heap after
Heap after GC invocations=11 (full 1):
 PSYoungGen      total 825344K, used 77803K [0x000000076ab00000, 0x00000007a5f00000, 0x00000007c0000000)
  eden space 747520K, 0% used [0x000000076ab00000,0x000000076ab00000,0x0000000798500000)
  from space 77824K, 99% used [0x000000079e700000,0x00000007a32fad90,0x00000007a3300000)
  to   space 100352K, 0% used [0x0000000798500000,0x0000000798500000,0x000000079e700000)
 ParOldGen       total 292864K, used 292820K [0x00000006c0000000, 0x00000006d1e00000, 0x000000076ab00000)
  object space 292864K, 99% used [0x00000006c0000000,0x00000006d1df5000,0x00000006d1e00000)
 Metaspace       used 6632K, capacity 7284K, committed 7552K, reserved 1056768K
  class space    used 603K, capacity 620K, committed 640K, reserved 1048576K
}
Event: 20.955 GC heap before
{Heap before GC invocations=12 (full 2):
 PSYoungGen      total 825344K, used 77803K [0x000000076ab00000, 0x00000007a5f00000, 0x00000007c0000000)
  eden space 747520K, 0% used [0x000000076ab00000,0x000000076ab00000,0x0000000798500000)
  from space 77824K, 99% used [0x000000079e700000,0x00000007a32fad90,0x00000007a3300000)
  to   space 100352K, 0% used [0x0000000798500000,0x0000000798500000,0x000000079e700000)
 ParOldGen       total 292864K, used 292820K [0x00000006c0000000, 0x00000006d1e00000, 0x000000076ab00000)
  object space 292864K, 99% used [0x00000006c0000000,0x00000006d1df5000,0x00000006d1e00000)
 Metaspace       used 6632K, capacity 7284K, committed 7552K, reserved 1056768K
  class space    used 603K, capacity 620K, committed 640K, reserved 1048576K
Event: 23.367 GC heap after
Heap after GC invocations=12 (full 2):
 PSYoungGen      total 825344K, used 67926K [0x000000076ab00000, 0x00000007a5f00000, 0x00000007c0000000)
  eden space 747520K, 0% used [0x000000076ab00000,0x000000076ab00000,0x0000000798500000)
  from space 77824K, 87% used [0x000000079e700000,0x00000007a2955a40,0x00000007a3300000)
  to   space 100352K, 0% used [0x0000000798500000,0x0000000798500000,0x000000079e700000)
 ParOldGen       total 514560K, used 292562K [0x00000006c0000000, 0x00000006df680000, 0x000000076ab00000)
  object space 514560K, 56% used [0x00000006c0000000,0x00000006d1db4af0,0x00000006df680000)
 Metaspace       used 6632K, capacity 7284K, committed 7552K, reserved 1056768K
  class space    used 603K, capacity 620K, committed 640K, reserved 1048576K
}

