# JRE version: OpenJDK Runtime Environment (8.0_76-b03) (build 1.8.0_76-release-b03)
# Java VM: OpenJDK 64-Bit Server VM (25.76-b03 mixed mode windows-amd64 compressed oops)
Heap:
 PSYoungGen      total 1061376K, used 370639K [0x000000076ab00000, 0x00000007c0000000, 0x00000007c0000000)
  eden space 724992K, 51% used [0x000000076ab00000,0x00000007814f3e78,0x0000000796f00000)
  from space 336384K, 0% used [0x0000000796f00000,0x0000000796f00000,0x00000007ab780000)
  to   space 315904K, 0% used [0x00000007acb80000,0x00000007acb80000,0x00000007c0000000)
 ParOldGen       total 1290240K, used 511463K [0x00000006c0000000, 0x000000070ec00000, 0x000000076ab00000)
  object space 1290240K, 39% used [0x00000006c0000000,0x00000006df379df8,0x000000070ec00000)
 Metaspace       used 7493K, capacity 7800K, committed 7936K, reserved 1056768K
  class space    used 656K, capacity 688K, committed 768K, reserved 1048576K
GC Heap History (10 events):
Event: 42.129 GC heap before
{Heap before GC invocations=18 (full 3):
 PSYoungGen      total 951296K, used 951280K [0x000000076ab00000, 0x00000007c0000000, 0x00000007c0000000)
  eden space 724992K, 100% used [0x000000076ab00000,0x0000000796f00000,0x0000000796f00000)
  from space 226304K, 99% used [0x00000007b2300000,0x00000007bfffc130,0x00000007c0000000)
  to   space 336384K, 0% used [0x0000000796f00000,0x0000000796f00000,0x00000007ab780000)
 ParOldGen       total 742400K, used 616004K [0x00000006c0000000, 0x00000006ed500000, 0x000000076ab00000)
  object space 742400K, 82% used [0x00000006c0000000,0x00000006e59911f0,0x00000006ed500000)
 Metaspace       used 7012K, capacity 7576K, committed 7936K, reserved 1056768K
  class space    used 623K, capacity 656K, committed 768K, reserved 1048576K
Event: 42.675 GC heap after
Heap after GC invocations=18 (full 3):
 PSYoungGen      total 1061376K, used 114057K [0x000000076ab00000, 0x00000007c0000000, 0x00000007c0000000)
  eden space 724992K, 0% used [0x000000076ab00000,0x000000076ab00000,0x0000000796f00000)
  from space 336384K, 33% used [0x0000000796f00000,0x000000079de62410,0x00000007ab780000)
  to   space 315904K, 0% used [0x00000007acb80000,0x00000007acb80000,0x00000007c0000000)
 ParOldGen       total 842240K, used 842130K [0x00000006c0000000, 0x00000006f3680000, 0x000000076ab00000)
  object space 842240K, 99% used [0x00000006c0000000,0x00000006f36649a8,0x00000006f3680000)
 Metaspace       used 7012K, capacity 7576K, committed 7936K, reserved 1056768K
  class space    used 623K, capacity 656K, committed 768K, reserved 1048576K
}
Event: 42.675 GC heap before
{Heap before GC invocations=19 (full 4):
 PSYoungGen      total 1061376K, used 114057K [0x000000076ab00000, 0x00000007c0000000, 0x00000007c0000000)
  eden space 724992K, 0% used [0x000000076ab00000,0x000000076ab00000,0x0000000796f00000)
  from space 336384K, 33% used [0x0000000796f00000,0x000000079de62410,0x00000007ab780000)
  to   space 315904K, 0% used [0x00000007acb80000,0x00000007acb80000,0x00000007c0000000)
 ParOldGen       total 842240K, used 842130K [0x00000006c0000000, 0x00000006f3680000, 0x000000076ab00000)
  object space 842240K, 99% used [0x00000006c0000000,0x00000006f36649a8,0x00000006f3680000)
 Metaspace       used 7012K, capacity 7576K, committed 7936K, reserved 1056768K
  class space    used 623K, capacity 656K, committed 768K, reserved 1048576K
Event: 51.594 GC heap after
Heap after GC invocations=19 (full 4):
 PSYoungGen      total 1061376K, used 82307K [0x000000076ab00000, 0x00000007c0000000, 0x00000007c0000000)
  eden space 724992K, 0% used [0x000000076ab00000,0x000000076ab00000,0x0000000796f00000)
  from space 336384K, 24% used [0x0000000796f00000,0x000000079bf60ed8,0x00000007ab780000)
  to   space 315904K, 0% used [0x00000007acb80000,0x00000007acb80000,0x00000007c0000000)
 ParOldGen       total 842240K, used 842158K [0x00000006c0000000, 0x00000006f3680000, 0x000000076ab00000)
  object space 842240K, 99% used [0x00000006c0000000,0x00000006f366ba80,0x00000006f3680000)
 Metaspace       used 7012K, capacity 7576K, committed 7936K, reserved 1056768K
  class space    used 623K, capacity 656K, committed 768K, reserved 1048576K
}
Event: 54.580 GC heap before
{Heap before GC invocations=20 (full 5):
 PSYoungGen      total 1061376K, used 807299K [0x000000076ab00000, 0x00000007c0000000, 0x00000007c0000000)
  eden space 724992K, 100% used [0x000000076ab00000,0x0000000796f00000,0x0000000796f00000)
  from space 336384K, 24% used [0x0000000796f00000,0x000000079bf60ed8,0x00000007ab780000)
  to   space 315904K, 0% used [0x00000007acb80000,0x00000007acb80000,0x00000007c0000000)
 ParOldGen       total 842240K, used 842158K [0x00000006c0000000, 0x00000006f3680000, 0x000000076ab00000)
  object space 842240K, 99% used [0x00000006c0000000,0x00000006f366ba80,0x00000006f3680000)
 Metaspace       used 7041K, capacity 7576K, committed 7936K, reserved 1056768K
  class space    used 623K, capacity 656K, committed 768K, reserved 1048576K
Event: 60.307 GC heap after
Heap after GC invocations=20 (full 5):
 PSYoungGen      total 1061376K, used 0K [0x000000076ab00000, 0x00000007c0000000, 0x00000007c0000000)
  eden space 724992K, 0% used [0x000000076ab00000,0x000000076ab00000,0x0000000796f00000)
  from space 336384K, 0% used [0x0000000796f00000,0x0000000796f00000,0x00000007ab780000)
  to   space 315904K, 0% used [0x00000007acb80000,0x00000007acb80000,0x00000007c0000000)
 ParOldGen       total 842240K, used 790890K [0x00000006c0000000, 0x00000006f3680000, 0x000000076ab00000)
  object space 842240K, 93% used [0x00000006c0000000,0x00000006f045a858,0x00000006f3680000)
 Metaspace       used 7041K, capacity 7576K, committed 7936K, reserved 1056768K
  class space    used 623K, capacity 656K, committed 768K, reserved 1048576K
}
Event: 62.914 GC heap before
{Heap before GC invocations=21 (full 6):
 PSYoungGen      total 1061376K, used 724992K [0x000000076ab00000, 0x00000007c0000000, 0x00000007c0000000)
  eden space 724992K, 100% used [0x000000076ab00000,0x0000000796f00000,0x0000000796f00000)
  from space 336384K, 0% used [0x0000000796f00000,0x0000000796f00000,0x00000007ab780000)
  to   space 315904K, 0% used [0x00000007acb80000,0x00000007acb80000,0x00000007c0000000)
 ParOldGen       total 842240K, used 790890K [0x00000006c0000000, 0x00000006f3680000, 0x000000076ab00000)
  object space 842240K, 93% used [0x00000006c0000000,0x00000006f045a858,0x00000006f3680000)
 Metaspace       used 7159K, capacity 7736K, committed 7936K, reserved 1056768K
  class space    used 627K, capacity 688K, committed 768K, reserved 1048576K
Event: 67.240 GC heap after
Heap after GC invocations=21 (full 6):
 PSYoungGen      total 1061376K, used 0K [0x000000076ab00000, 0x00000007c0000000, 0x00000007c0000000)
  eden space 724992K, 0% used [0x000000076ab00000,0x000000076ab00000,0x0000000796f00000)
  from space 336384K, 0% used [0x0000000796f00000,0x0000000796f00000,0x00000007ab780000)
  to   space 315904K, 0% used [0x00000007acb80000,0x00000007acb80000,0x00000007c0000000)
 ParOldGen       total 842240K, used 780511K [0x00000006c0000000, 0x00000006f3680000, 0x000000076ab00000)
  object space 842240K, 92% used [0x00000006c0000000,0x00000006efa37f70,0x00000006f3680000)
 Metaspace       used 7159K, capacity 7736K, committed 7936K, reserved 1056768K
  class space    used 627K, capacity 688K, committed 768K, reserved 1048576K
}
Event: 69.096 GC heap before
{Heap before GC invocations=22 (full 7):
 PSYoungGen      total 1061376K, used 724992K [0x000000076ab00000, 0x00000007c0000000, 0x00000007c0000000)
  eden space 724992K, 100% used [0x000000076ab00000,0x0000000796f00000,0x0000000796f00000)
  from space 336384K, 0% used [0x0000000796f00000,0x0000000796f00000,0x00000007ab780000)
  to   space 315904K, 0% used [0x00000007acb80000,0x00000007acb80000,0x00000007c0000000)
 ParOldGen       total 842240K, used 780511K [0x00000006c0000000, 0x00000006f3680000, 0x000000076ab00000)
  object space 842240K, 92% used [0x00000006c0000000,0x00000006efa37f70,0x00000006f3680000)
 Metaspace       used 7480K, capacity 7800K, committed 7936K, reserved 1056768K
  class space    used 656K, capacity 688K, committed 768K, reserved 1048576K
Event: 72.857 GC heap after
Heap after GC invocations=22 (full 7):
 PSYoungGen      total 1061376K, used 0K [0x000000076ab00000, 0x00000007c0000000, 0x00000007c0000000)
  eden space 724992K, 0% used [0x000000076ab00000,0x000000076ab00000,0x0000000796f00000)
  from space 336384K, 0% used [0x0000000796f00000,0x0000000796f00000,0x00000007ab780000)
  to   space 315904K, 0% used [0x00000007acb80000,0x00000007acb80000,0x00000007c0000000)
 ParOldGen       total 1290240K, used 511463K [0x00000006c0000000, 0x000000070ec00000, 0x000000076ab00000)
  object space 1290240K, 39% used [0x00000006c0000000,0x00000006df379df8,0x000000070ec00000)
 Metaspace       used 7480K, capacity 7800K, committed 7936K, reserved 1056768K
  class space    used 656K, capacity 688K, committed 768K, reserved 1048576K
}

